2025-04-09 15:39:32.388218 - Received CBT.V508.FILE074.PDS from FILE074.XMI 
2025-04-09 15:39:32.405160 - Found $$$#DATE.txt (text/plain) in CBT.V508.FILE074.PDS, moved to PDS/$$$#DATE
2025-04-09 15:39:32.405966 - Found $$PERMIT.txt (text/plain) in CBT.V508.FILE074.PDS, moved to PDS/$$PERMIT
2025-04-09 15:39:32.406656 - Found $ALLOC.txt (text/plain) in CBT.V508.FILE074.PDS, moved to PDS/$ALLOC
2025-04-09 15:39:32.407264 - Found $JULCAL.txt (text/plain) in CBT.V508.FILE074.PDS, moved to PDS/$JULCAL
2025-04-09 15:39:32.407885 - Found $STCK.txt (text/plain) in CBT.V508.FILE074.PDS, moved to PDS/$STCK
2025-04-09 15:39:32.408526 - Found $USERCVT.txt (text/plain) in CBT.V508.FILE074.PDS, moved to PDS/$USERCVT
2025-04-09 15:39:32.409104 - Found #RTN.txt (text/plain) in CBT.V508.FILE074.PDS, moved to PDS/#RTN
2025-04-09 15:39:32.409668 - Found #SLC.txt (text/plain) in CBT.V508.FILE074.PDS, moved to PDS/#SLC
2025-04-09 15:39:32.410338 - Found @AMODE.txt (text/plain) in CBT.V508.FILE074.PDS, moved to PDS/@AMODE
2025-04-09 15:39:32.410968 - Found @ASMCOMM.txt (text/plain) in CBT.V508.FILE074.PDS, moved to PDS/@ASMCOMM
2025-04-09 15:39:32.411634 - Found @FILE074.txt (text/plain) in CBT.V508.FILE074.PDS, moved to PDS/@FILE074
2025-04-09 15:39:32.412252 - Found @FINDUCB.txt (text/plain) in CBT.V508.FILE074.PDS, moved to PDS/@FINDUCB
2025-04-09 15:39:32.419628 - Found @JOBPARM.txt (text/plain) in CBT.V508.FILE074.PDS, moved to PDS/@JOBPARM
2025-04-09 15:39:32.420236 - Found @JPF1.txt (text/plain) in CBT.V508.FILE074.PDS, moved to PDS/@JPF1
2025-04-09 15:39:32.420926 - Found @JPF2.txt (text/plain) in CBT.V508.FILE074.PDS, moved to PDS/@JPF2
2025-04-09 15:39:32.421537 - Found @MDM0000.txt (text/plain) in CBT.V508.FILE074.PDS, moved to PDS/@MDM0000
2025-04-09 15:39:32.422112 - Found @RVDATA.txt (text/plain) in CBT.V508.FILE074.PDS, moved to PDS/@RVDATA
2025-04-09 15:39:32.422736 - Found @RVPARM.txt (text/plain) in CBT.V508.FILE074.PDS, moved to PDS/@RVPARM
2025-04-09 15:39:32.423293 - Found @STCK.txt (text/plain) in CBT.V508.FILE074.PDS, moved to PDS/@STCK
2025-04-09 15:39:32.423874 - Found @STCKD.txt (text/plain) in CBT.V508.FILE074.PDS, moved to PDS/@STCKD
2025-04-09 15:39:32.424486 - Found @WEEKDAY.txt (text/plain) in CBT.V508.FILE074.PDS, moved to PDS/@WEEKDAY
2025-04-09 15:39:32.425145 - Found ALCBLKSZ.txt (text/plain) in CBT.V508.FILE074.PDS, moved to PDS/ALCBLKSZ
2025-04-09 15:39:32.425704 - Found ALCBUFNO.txt (text/plain) in CBT.V508.FILE074.PDS, moved to PDS/ALCBUFNO
2025-04-09 15:39:32.426329 - Found ALCCC.txt (text/plain) in CBT.V508.FILE074.PDS, moved to PDS/ALCCC
2025-04-09 15:39:32.426916 - Found ALCCOPYS.txt (text/plain) in CBT.V508.FILE074.PDS, moved to PDS/ALCCOPYS
2025-04-09 15:39:32.427509 - Found ALCDD.txt (text/plain) in CBT.V508.FILE074.PDS, moved to PDS/ALCDD
2025-04-09 15:39:32.428122 - Found ALCDEST.txt (text/plain) in CBT.V508.FILE074.PDS, moved to PDS/ALCDEST
2025-04-09 15:39:32.428713 - Found ALCDISP.txt (text/plain) in CBT.V508.FILE074.PDS, moved to PDS/ALCDISP
2025-04-09 15:39:32.429370 - Found ALCDSN.txt (text/plain) in CBT.V508.FILE074.PDS, moved to PDS/ALCDSN
2025-04-09 15:39:32.429989 - Found ALCDUMMY.txt (text/plain) in CBT.V508.FILE074.PDS, moved to PDS/ALCDUMMY
2025-04-09 15:39:32.430661 - Found ALCERR.txt (text/plain) in CBT.V508.FILE074.PDS, moved to PDS/ALCERR
2025-04-09 15:39:32.431278 - Found ALCFCB.txt (text/plain) in CBT.V508.FILE074.PDS, moved to PDS/ALCFCB
2025-04-09 15:39:32.431875 - Found ALCFREE.txt (text/plain) in CBT.V508.FILE074.PDS, moved to PDS/ALCFREE
2025-04-09 15:39:32.432493 - Found ALCLRECL.txt (text/plain) in CBT.V508.FILE074.PDS, moved to PDS/ALCLRECL
2025-04-09 15:39:32.433160 - Found ALCMBR.txt (text/plain) in CBT.V508.FILE074.PDS, moved to PDS/ALCMBR
2025-04-09 15:39:32.433816 - Found ALCMODEL.txt (text/plain) in CBT.V508.FILE074.PDS, moved to PDS/ALCMODEL
2025-04-09 15:39:32.434490 - Found ALCOUTPT.txt (text/plain) in CBT.V508.FILE074.PDS, moved to PDS/ALCOUTPT
2025-04-09 15:39:32.435054 - Found ALCRECFM.txt (text/plain) in CBT.V508.FILE074.PDS, moved to PDS/ALCRECFM
2025-04-09 15:39:32.435770 - Found ALCRETDD.txt (text/plain) in CBT.V508.FILE074.PDS, moved to PDS/ALCRETDD
2025-04-09 15:39:32.436482 - Found ALCRETDS.txt (text/plain) in CBT.V508.FILE074.PDS, moved to PDS/ALCRETDS
2025-04-09 15:39:32.437129 - Found ALCRLSE.txt (text/plain) in CBT.V508.FILE074.PDS, moved to PDS/ALCRLSE
2025-04-09 15:39:32.437873 - Found ALCSPACE.txt (text/plain) in CBT.V508.FILE074.PDS, moved to PDS/ALCSPACE
2025-04-09 15:39:32.438502 - Found ALCSSOUT.txt (text/plain) in CBT.V508.FILE074.PDS, moved to PDS/ALCSSOUT
2025-04-09 15:39:32.439135 - Found ALCTERM.txt (text/plain) in CBT.V508.FILE074.PDS, moved to PDS/ALCTERM
2025-04-09 15:39:32.439768 - Found ALCUDISP.txt (text/plain) in CBT.V508.FILE074.PDS, moved to PDS/ALCUDISP
2025-04-09 15:39:32.440375 - Found ALCUNAL.txt (text/plain) in CBT.V508.FILE074.PDS, moved to PDS/ALCUNAL
2025-04-09 15:39:32.440932 - Found ALCUNIT.txt (text/plain) in CBT.V508.FILE074.PDS, moved to PDS/ALCUNIT
2025-04-09 15:39:32.441604 - Found ALCVOL.txt (text/plain) in CBT.V508.FILE074.PDS, moved to PDS/ALCVOL
2025-04-09 15:39:32.442179 - Found NASPA.txt (text/plain) in CBT.V508.FILE074.PDS, moved to PDS/NASPA
2025-04-09 15:39:32.442817 - Found PXPIRFLD.txt (text/plain) in CBT.V508.FILE074.PDS, moved to PDS/PXPIRFLD
2025-04-09 15:39:32.443487 - Found QTGET.txt (text/plain) in CBT.V508.FILE074.PDS, moved to PDS/QTGET
2025-04-09 15:39:32.444114 - Found QTPUT.txt (text/plain) in CBT.V508.FILE074.PDS, moved to PDS/QTPUT
2025-04-09 15:39:32.444776 - Found SPF@MACS.txt (text/plain) in CBT.V508.FILE074.PDS, moved to PDS/SPF@MACS
2025-04-09 15:39:32.445351 - Found SPFALLOC.txt (text/plain) in CBT.V508.FILE074.PDS, moved to PDS/SPFALLOC
2025-04-09 15:39:32.445956 - Found SPFBRWSE.txt (text/plain) in CBT.V508.FILE074.PDS, moved to PDS/SPFBRWSE
2025-04-09 15:39:32.446652 - Found SPFCMDS.txt (text/plain) in CBT.V508.FILE074.PDS, moved to PDS/SPFCMDS
2025-04-09 15:39:32.447274 - Found SPFCRP.txt (text/plain) in CBT.V508.FILE074.PDS, moved to PDS/SPFCRP
2025-04-09 15:39:32.448190 - Found SPFDEQ.txt (text/plain) in CBT.V508.FILE074.PDS, moved to PDS/SPFDEQ
2025-04-09 15:39:32.448815 - Found SPFDS.txt (text/plain) in CBT.V508.FILE074.PDS, moved to PDS/SPFDS
2025-04-09 15:39:32.449419 - Found SPFDS1.txt (text/plain) in CBT.V508.FILE074.PDS, moved to PDS/SPFDS1
2025-04-09 15:39:32.450043 - Found SPFDS2.txt (text/plain) in CBT.V508.FILE074.PDS, moved to PDS/SPFDS2
2025-04-09 15:39:32.450642 - Found SPFDS4.txt (text/plain) in CBT.V508.FILE074.PDS, moved to PDS/SPFDS4
2025-04-09 15:39:32.451303 - Found SPFEDIT.txt (text/plain) in CBT.V508.FILE074.PDS, moved to PDS/SPFEDIT
2025-04-09 15:39:32.451865 - Found SPFENQ.txt (text/plain) in CBT.V508.FILE074.PDS, moved to PDS/SPFENQ
2025-04-09 15:39:32.452480 - Found SPFEXIT.txt (text/plain) in CBT.V508.FILE074.PDS, moved to PDS/SPFEXIT
2025-04-09 15:39:32.453137 - Found SPFINIT.txt (text/plain) in CBT.V508.FILE074.PDS, moved to PDS/SPFINIT
2025-04-09 15:39:32.453810 - Found SPFJOBNM.txt (text/plain) in CBT.V508.FILE074.PDS, moved to PDS/SPFJOBNM
2025-04-09 15:39:32.454516 - Found SPFLOC.txt (text/plain) in CBT.V508.FILE074.PDS, moved to PDS/SPFLOC
2025-04-09 15:39:32.455108 - Found SPFOBT.txt (text/plain) in CBT.V508.FILE074.PDS, moved to PDS/SPFOBT
2025-04-09 15:39:32.455672 - Found SPFRJUST.txt (text/plain) in CBT.V508.FILE074.PDS, moved to PDS/SPFRJUST
2025-04-09 15:39:32.456226 - Found SPFROW.txt (text/plain) in CBT.V508.FILE074.PDS, moved to PDS/SPFROW
2025-04-09 15:39:32.456848 - Found SPFSARG.txt (text/plain) in CBT.V508.FILE074.PDS, moved to PDS/SPFSARG
2025-04-09 15:39:32.457452 - Found SPFSPLAY.txt (text/plain) in CBT.V508.FILE074.PDS, moved to PDS/SPFSPLAY
2025-04-09 15:39:32.458060 - Found SPFSUB.txt (text/plain) in CBT.V508.FILE074.PDS, moved to PDS/SPFSUB
2025-04-09 15:39:32.458684 - Found SPFTAILR.txt (text/plain) in CBT.V508.FILE074.PDS, moved to PDS/SPFTAILR
2025-04-09 15:39:32.459276 - Found SPFTBCR.txt (text/plain) in CBT.V508.FILE074.PDS, moved to PDS/SPFTBCR
2025-04-09 15:39:32.459869 - Found SPFTBDIS.txt (text/plain) in CBT.V508.FILE074.PDS, moved to PDS/SPFTBDIS
2025-04-09 15:39:32.460438 - Found SPFTBL#.txt (text/plain) in CBT.V508.FILE074.PDS, moved to PDS/SPFTBL#
2025-04-09 15:39:32.461005 - Found SPFTBLOC.txt (text/plain) in CBT.V508.FILE074.PDS, moved to PDS/SPFTBLOC
2025-04-09 15:39:32.461537 - Found SPFTBLRS.txt (text/plain) in CBT.V508.FILE074.PDS, moved to PDS/SPFTBLRS
2025-04-09 15:39:32.462064 - Found SPFTCNT1.txt (text/plain) in CBT.V508.FILE074.PDS, moved to PDS/SPFTCNT1
2025-04-09 15:39:32.462569 - Found SPFTCNT2.txt (text/plain) in CBT.V508.FILE074.PDS, moved to PDS/SPFTCNT2
2025-04-09 15:39:32.463219 - Found SPFTEMP.txt (text/plain) in CBT.V508.FILE074.PDS, moved to PDS/SPFTEMP
2025-04-09 15:39:32.463782 - Found SPFVCOPY.txt (text/plain) in CBT.V508.FILE074.PDS, moved to PDS/SPFVCOPY
2025-04-09 15:39:32.464335 - Found SPFVDEF.txt (text/plain) in CBT.V508.FILE074.PDS, moved to PDS/SPFVDEF
2025-04-09 15:39:32.464878 - Found SPFVDEL.txt (text/plain) in CBT.V508.FILE074.PDS, moved to PDS/SPFVDEL
2025-04-09 15:39:32.465452 - Found SPFVGET.txt (text/plain) in CBT.V508.FILE074.PDS, moved to PDS/SPFVGET
2025-04-09 15:39:32.466039 - Found SPFVPUT.txt (text/plain) in CBT.V508.FILE074.PDS, moved to PDS/SPFVPUT
2025-04-09 15:39:32.466621 - Found SPFVREPL.txt (text/plain) in CBT.V508.FILE074.PDS, moved to PDS/SPFVREPL
